  [4;36;1mSQL (0.2ms)[0m   [0;1mSET NAMES 'utf8'[0m
  [4;35;1mSQL (0.1ms)[0m   [0mSET SQL_AUTO_IS_NULL=0[0m
  [4;36;1mSQL (0.4ms)[0m   [0;1mSHOW TABLES[0m
  [4;35;1mSQL (15.3ms)[0m   [0mCREATE TABLE `schema_migrations` (`version` varchar(255) NOT NULL) ENGINE=InnoDB[0m
  [4;36;1mSQL (6.7ms)[0m   [0;1mCREATE UNIQUE INDEX `unique_schema_migrations` ON `schema_migrations` (`version`)[0m
  [4;35;1mSQL (0.4ms)[0m   [0mSHOW TABLES[0m
  [4;36;1mSQL (0.4ms)[0m   [0;1mSELECT version FROM schema_migrations[0m
Migrating to CreateProducts (20090905075348)
  [4;35;1mSQL (13.0ms)[0m   [0mCREATE TABLE `products` (`id` int(11) DEFAULT NULL auto_increment PRIMARY KEY, `name` varchar(255), `description` text, `price` decimal, `quantity` int(11), `image` varchar(255), `created_at` datetime, `updated_at` datetime) ENGINE=InnoDB[0m
  [4;36;1mSQL (0.7ms)[0m   [0;1mINSERT INTO schema_migrations (version) VALUES ('20090905075348')[0m
  [4;35;1mSQL (0.5ms)[0m   [0mSHOW TABLES[0m
  [4;36;1mSQL (0.2ms)[0m   [0;1mSELECT version FROM schema_migrations[0m
  [4;35;1mSQL (0.3ms)[0m   [0mSHOW TABLES[0m
  [4;36;1mSQL (2.0ms)[0m   [0;1mSHOW FIELDS FROM `products`[0m
  [4;35;1mSQL (2.2ms)[0m   [0mdescribe `products`[0m
  [4;36;1mSQL (0.6ms)[0m   [0;1mSHOW KEYS FROM `products`[0m


Processing ProductsController#index (for 127.0.0.1 at 2009-09-05 09:57:11) [GET]
  [4;36;1mProduct Load (0.0ms)[0m   [0;1mSQLite3::SQLException: no such table: products: SELECT * FROM "products" [0m

ActiveRecord::StatementInvalid (SQLite3::SQLException: no such table: products: SELECT * FROM "products" ):
  app/controllers/products_controller.rb:5:in `index'

Rendered rescues/_trace (126.2ms)
Rendered rescues/_request_and_response (2.0ms)
Rendering rescues/layout (internal_server_error)
  [4;36;1mSQL (0.2ms)[0m   [0;1mSET NAMES 'utf8'[0m
  [4;35;1mSQL (0.1ms)[0m   [0mSET SQL_AUTO_IS_NULL=0[0m


Processing ProductsController#index (for 127.0.0.1 at 2009-09-05 09:57:23) [GET]
  [4;36;1mProduct Load (0.5ms)[0m   [0;1mSELECT * FROM `products` [0m
Rendering template within layouts/products
Rendering products/index
Completed in 95ms (View: 88, DB: 1) | 200 OK [http://localhost/products]
  [4;35;1mSQL (0.1ms)[0m   [0mSET NAMES 'utf8'[0m
  [4;36;1mSQL (0.1ms)[0m   [0;1mSET SQL_AUTO_IS_NULL=0[0m


Processing ProductsController#index (for 127.0.0.1 at 2009-09-05 09:58:04) [GET]
  [4;35;1mProduct Load (0.4ms)[0m   [0mSELECT * FROM `products` [0m
Rendering template within layouts/products
Rendering products/index
Completed in 7ms (View: 2, DB: 1) | 200 OK [http://localhost/products]
  [4;36;1mSQL (0.1ms)[0m   [0;1mSET NAMES 'utf8'[0m
  [4;35;1mSQL (0.1ms)[0m   [0mSET SQL_AUTO_IS_NULL=0[0m


Processing ApplicationController#index (for 127.0.0.1 at 2009-09-05 09:58:18) [GET]

ActionController::RoutingError (No route matches "/" with {:method=>:get}):
  

Rendering rescues/layout (not_found)
  [4;36;1mSQL (0.1ms)[0m   [0;1mSET NAMES 'utf8'[0m
  [4;35;1mSQL (0.1ms)[0m   [0mSET SQL_AUTO_IS_NULL=0[0m


Processing HomeController#index (for 127.0.0.1 at 2009-09-05 09:59:23) [GET]

ActionController::UnknownAction (No action responded to index. Actions: ):
  

Rendering rescues/layout (not_found)
  [4;36;1mSQL (0.1ms)[0m   [0;1mSET NAMES 'utf8'[0m
  [4;35;1mSQL (0.1ms)[0m   [0mSET SQL_AUTO_IS_NULL=0[0m


Processing HomeController#index (for 127.0.0.1 at 2009-09-05 10:00:53) [GET]
Rendering home/index
Completed in 9ms (View: 7, DB: 0) | 200 OK [http://localhost/]
  [4;36;1mSQL (0.1ms)[0m   [0;1mSET NAMES 'utf8'[0m
  [4;35;1mSQL (0.1ms)[0m   [0mSET SQL_AUTO_IS_NULL=0[0m


Processing HomeController#index (for 127.0.0.1 at 2009-09-05 10:01:18) [GET]
Rendering template within layouts/application
Rendering home/index
Completed in 10ms (View: 8, DB: 0) | 200 OK [http://localhost/]
  [4;36;1mSQL (0.1ms)[0m   [0;1mSET NAMES 'utf8'[0m
  [4;35;1mSQL (0.1ms)[0m   [0mSET SQL_AUTO_IS_NULL=0[0m


Processing HomeController#index (for 127.0.0.1 at 2009-09-05 10:01:46) [GET]
Rendering template within layouts/application
Rendering home/index
Completed in 4ms (View: 2, DB: 0) | 200 OK [http://localhost/]
  [4;36;1mSQL (0.2ms)[0m   [0;1mSET NAMES 'utf8'[0m
  [4;35;1mSQL (0.1ms)[0m   [0mSET SQL_AUTO_IS_NULL=0[0m
  [4;36;1mSQL (0.5ms)[0m   [0;1mSHOW TABLES[0m
  [4;35;1mSQL (0.2ms)[0m   [0mSELECT version FROM schema_migrations[0m
  [4;36;1mSQL (0.2ms)[0m   [0;1mSET NAMES 'utf8'[0m
  [4;35;1mSQL (0.1ms)[0m   [0mSET SQL_AUTO_IS_NULL=0[0m
  [4;36;1mSQL (0.4ms)[0m   [0;1mSHOW TABLES[0m
  [4;35;1mSQL (0.2ms)[0m   [0mSELECT version FROM schema_migrations[0m
  [4;36;1mSQL (0.1ms)[0m   [0;1mSET NAMES 'utf8'[0m
  [4;35;1mSQL (0.1ms)[0m   [0mSET SQL_AUTO_IS_NULL=0[0m
  [4;36;1mSQL (0.6ms)[0m   [0;1mDROP DATABASE IF EXISTS `store_test`[0m
  [4;35;1mSQL (0.4ms)[0m   [0mCREATE DATABASE `store_test` DEFAULT CHARACTER SET `utf8`[0m
  [4;36;1mSQL (0.1ms)[0m   [0;1mSET NAMES 'utf8'[0m
  [4;35;1mSQL (0.1ms)[0m   [0mSET SQL_AUTO_IS_NULL=0[0m
  [4;36;1mSQL (0.4ms)[0m   [0;1mSHOW TABLES[0m
  [4;35;1mSQL (14.3ms)[0m   [0mCREATE TABLE `products` (`id` int(11) DEFAULT NULL auto_increment PRIMARY KEY, `name` varchar(255), `description` text, `price` integer, `quantity` int(11), `image` varchar(255), `created_at` datetime, `updated_at` datetime) ENGINE=InnoDB[0m
  [4;36;1mSQL (0.4ms)[0m   [0;1mSHOW TABLES[0m
  [4;35;1mSQL (1.9ms)[0m   [0mCREATE TABLE `schema_migrations` (`version` varchar(255) NOT NULL) ENGINE=InnoDB[0m
  [4;36;1mSQL (5.2ms)[0m   [0;1mCREATE UNIQUE INDEX `unique_schema_migrations` ON `schema_migrations` (`version`)[0m
  [4;35;1mSQL (0.4ms)[0m   [0mSHOW TABLES[0m
  [4;36;1mSQL (0.4ms)[0m   [0;1mSELECT version FROM `schema_migrations`[0m
  [4;35;1mSQL (0.7ms)[0m   [0mINSERT INTO `schema_migrations` (version) VALUES ('20090905075348')[0m
  [4;36;1mSQL (0.2ms)[0m   [0;1mSET NAMES 'utf8'[0m
  [4;35;1mSQL (0.1ms)[0m   [0mSET SQL_AUTO_IS_NULL=0[0m
  [4;36;1mSQL (0.5ms)[0m   [0;1mSHOW TABLES[0m
  [4;35;1mSQL (0.2ms)[0m   [0mSELECT version FROM schema_migrations[0m
  [4;36;1mSQL (0.1ms)[0m   [0;1mSET NAMES 'utf8'[0m
  [4;35;1mSQL (0.1ms)[0m   [0mSET SQL_AUTO_IS_NULL=0[0m
  [4;36;1mSQL (26.1ms)[0m   [0;1mDROP DATABASE IF EXISTS `store_test`[0m
  [4;35;1mSQL (0.4ms)[0m   [0mCREATE DATABASE `store_test` DEFAULT CHARACTER SET `utf8`[0m
  [4;36;1mSQL (0.1ms)[0m   [0;1mSET NAMES 'utf8'[0m
  [4;35;1mSQL (0.1ms)[0m   [0mSET SQL_AUTO_IS_NULL=0[0m
  [4;36;1mSQL (0.4ms)[0m   [0;1mSHOW TABLES[0m
  [4;35;1mSQL (2.8ms)[0m   [0mCREATE TABLE `products` (`id` int(11) DEFAULT NULL auto_increment PRIMARY KEY, `name` varchar(255), `description` text, `price` integer, `quantity` int(11), `image` varchar(255), `created_at` datetime, `updated_at` datetime) ENGINE=InnoDB[0m
  [4;36;1mSQL (0.4ms)[0m   [0;1mSHOW TABLES[0m
  [4;35;1mSQL (1.9ms)[0m   [0mCREATE TABLE `schema_migrations` (`version` varchar(255) NOT NULL) ENGINE=InnoDB[0m
  [4;36;1mSQL (6.2ms)[0m   [0;1mCREATE UNIQUE INDEX `unique_schema_migrations` ON `schema_migrations` (`version`)[0m
  [4;35;1mSQL (0.5ms)[0m   [0mSHOW TABLES[0m
  [4;36;1mSQL (0.5ms)[0m   [0;1mSELECT version FROM `schema_migrations`[0m
  [4;35;1mSQL (0.6ms)[0m   [0mINSERT INTO `schema_migrations` (version) VALUES ('20090905075348')[0m
  [4;36;1mSQL (0.2ms)[0m   [0;1mSET NAMES 'utf8'[0m
  [4;35;1mSQL (0.1ms)[0m   [0mSET SQL_AUTO_IS_NULL=0[0m
  [4;36;1mSQL (0.5ms)[0m   [0;1mSHOW TABLES[0m
  [4;35;1mSQL (0.2ms)[0m   [0mSELECT version FROM schema_migrations[0m
  [4;36;1mSQL (0.1ms)[0m   [0;1mSET NAMES 'utf8'[0m
  [4;35;1mSQL (0.1ms)[0m   [0mSET SQL_AUTO_IS_NULL=0[0m
  [4;36;1mSQL (3.7ms)[0m   [0;1mDROP DATABASE IF EXISTS `store_test`[0m
  [4;35;1mSQL (0.5ms)[0m   [0mCREATE DATABASE `store_test` DEFAULT CHARACTER SET `utf8`[0m
  [4;36;1mSQL (0.1ms)[0m   [0;1mSET NAMES 'utf8'[0m
  [4;35;1mSQL (0.1ms)[0m   [0mSET SQL_AUTO_IS_NULL=0[0m
  [4;36;1mSQL (0.4ms)[0m   [0;1mSHOW TABLES[0m
  [4;35;1mSQL (2.3ms)[0m   [0mCREATE TABLE `products` (`id` int(11) DEFAULT NULL auto_increment PRIMARY KEY, `name` varchar(255), `description` text, `price` integer, `quantity` int(11), `image` varchar(255), `created_at` datetime, `updated_at` datetime) ENGINE=InnoDB[0m
  [4;36;1mSQL (0.4ms)[0m   [0;1mSHOW TABLES[0m
  [4;35;1mSQL (1.8ms)[0m   [0mCREATE TABLE `schema_migrations` (`version` varchar(255) NOT NULL) ENGINE=InnoDB[0m
  [4;36;1mSQL (5.4ms)[0m   [0;1mCREATE UNIQUE INDEX `unique_schema_migrations` ON `schema_migrations` (`version`)[0m
  [4;35;1mSQL (0.5ms)[0m   [0mSHOW TABLES[0m
  [4;36;1mSQL (0.4ms)[0m   [0;1mSELECT version FROM `schema_migrations`[0m
  [4;35;1mSQL (0.6ms)[0m   [0mINSERT INTO `schema_migrations` (version) VALUES ('20090905075348')[0m
  [4;36;1mSQL (0.2ms)[0m   [0;1mSET NAMES 'utf8'[0m
  [4;35;1mSQL (0.1ms)[0m   [0mSET SQL_AUTO_IS_NULL=0[0m
  [4;36;1mSQL (0.5ms)[0m   [0;1mSHOW TABLES[0m
  [4;35;1mSQL (0.3ms)[0m   [0mSELECT version FROM schema_migrations[0m
Migrating to CreateProducts (20090905075348)
Migrating to CreateUsers (20090905084836)
  [4;36;1mSQL (3.0ms)[0m   [0;1mCREATE TABLE `users` (`id` int(11) DEFAULT NULL auto_increment PRIMARY KEY, `login` varchar(255) NOT NULL, `email` varchar(255) NOT NULL, `crypted_password` varchar(255) NOT NULL, `password_salt` varchar(255) NOT NULL, `persistence_token` varchar(255) NOT NULL, `single_access_token` varchar(255) NOT NULL, `perishable_token` varchar(255) NOT NULL, `login_count` int(11) DEFAULT 0 NOT NULL, `failed_login_count` int(11) DEFAULT 0 NOT NULL, `last_request_at` datetime, `current_login_at` datetime, `last_login_at` datetime, `current_login_ip` varchar(255), `last_login_ip` varchar(255), `created_at` datetime, `updated_at` datetime) ENGINE=InnoDB[0m
  [4;35;1mSQL (0.7ms)[0m   [0mINSERT INTO schema_migrations (version) VALUES ('20090905084836')[0m
  [4;36;1mSQL (0.5ms)[0m   [0;1mSHOW TABLES[0m
  [4;35;1mSQL (0.2ms)[0m   [0mSELECT version FROM schema_migrations[0m
  [4;36;1mSQL (0.3ms)[0m   [0;1mSHOW TABLES[0m
  [4;35;1mSQL (2.1ms)[0m   [0mSHOW FIELDS FROM `products`[0m
  [4;36;1mSQL (2.2ms)[0m   [0;1mdescribe `products`[0m
  [4;35;1mSQL (0.4ms)[0m   [0mSHOW KEYS FROM `products`[0m
  [4;36;1mSQL (2.6ms)[0m   [0;1mSHOW FIELDS FROM `users`[0m
  [4;35;1mSQL (3.1ms)[0m   [0mdescribe `users`[0m
  [4;36;1mSQL (0.4ms)[0m   [0;1mSHOW KEYS FROM `users`[0m
  [4;36;1mSQL (0.1ms)[0m   [0;1mSET NAMES 'utf8'[0m
  [4;35;1mSQL (0.1ms)[0m   [0mSET SQL_AUTO_IS_NULL=0[0m


Processing ApplicationController#index (for 127.0.0.1 at 2009-09-05 10:52:34) [GET]

ActionController::RoutingError (No route matches "/user_sessions" with {:method=>:get}):
  

Rendering rescues/layout (not_found)
  [4;36;1mSQL (0.2ms)[0m   [0;1mSET NAMES 'utf8'[0m
  [4;35;1mSQL (0.2ms)[0m   [0mSET SQL_AUTO_IS_NULL=0[0m


Processing ApplicationController#index (for 127.0.0.1 at 2009-09-05 10:56:55) [GET]

ActionController::RoutingError (No route matches "/user_sessions/new" with {:method=>:get}):
  

Rendering rescues/layout (not_found)
  [4;36;1mSQL (0.2ms)[0m   [0;1mSET NAMES 'utf8'[0m
  [4;35;1mSQL (0.1ms)[0m   [0mSET SQL_AUTO_IS_NULL=0[0m


Processing ApplicationController#index (for 127.0.0.1 at 2009-09-05 10:57:21) [GET]

ActionController::RoutingError (No route matches "/user_sessions/new" with {:method=>:get}):
  

Rendering rescues/layout (not_found)
  [4;36;1mSQL (0.2ms)[0m   [0;1mSET NAMES 'utf8'[0m
  [4;35;1mSQL (0.1ms)[0m   [0mSET SQL_AUTO_IS_NULL=0[0m


Processing ApplicationController#index (for 127.0.0.1 at 2009-09-05 10:57:23) [GET]

ActionController::RoutingError (No route matches "/user_sessions/new" with {:method=>:get}):
  

Rendering rescues/layout (not_found)
  [4;36;1mSQL (0.1ms)[0m   [0;1mSET NAMES 'utf8'[0m
  [4;35;1mSQL (0.1ms)[0m   [0mSET SQL_AUTO_IS_NULL=0[0m


Processing UserSessionsController#new (for 127.0.0.1 at 2009-09-05 10:58:45) [GET]
  Parameters: {"action"=>"new", "controller"=>"user_sessions"}
Rendering template within layouts/application
Rendering user_sessions/new

ActionView::TemplateError (Called id for nil, which would mistakenly be 4 -- if you really wanted the id of nil, use object_id) on line #3 of app/views/user_sessions/new.html.erb:
1: <h1>Login</h1>
2: 
3: <% form_for @user_session, :url => user_session_path do |f| %>
4:   <%= f.error_messages %>
5:   <%= f.label :login %><br />
6:   <%= f.text_field :login %><br />

    app/views/user_sessions/new.html.erb:3

Rendered rescues/_trace (57.9ms)
Rendered rescues/_request_and_response (2.0ms)
Rendering rescues/layout (internal_server_error)
  [4;36;1mSQL (0.2ms)[0m   [0;1mSET NAMES 'utf8'[0m
  [4;35;1mSQL (0.1ms)[0m   [0mSET SQL_AUTO_IS_NULL=0[0m


Processing UserSessionsController#new (for 127.0.0.1 at 2009-09-05 11:00:46) [GET]
  Parameters: {"action"=>"new", "controller"=>"user_sessions"}
Rendering template within layouts/application
Rendering user_sessions/new

ActionView::TemplateError (Called id for nil, which would mistakenly be 4 -- if you really wanted the id of nil, use object_id) on line #3 of app/views/user_sessions/new.html.erb:
1: <h1>Login</h1>
2: 
3: <% form_for @user_session, :url => user_session_path do |f| %>
4:   <%= f.error_messages %>
5:   <%= f.label :login %><br />
6:   <%= f.text_field :login %><br />

    app/views/user_sessions/new.html.erb:3

Rendered rescues/_trace (65.7ms)
Rendered rescues/_request_and_response (2.1ms)
Rendering rescues/layout (internal_server_error)
  [4;36;1mSQL (0.1ms)[0m   [0;1mSET NAMES 'utf8'[0m
  [4;35;1mSQL (0.1ms)[0m   [0mSET SQL_AUTO_IS_NULL=0[0m


Processing UserSessionsController#new (for 127.0.0.1 at 2009-09-05 11:01:40) [GET]
  Parameters: {"action"=>"new", "controller"=>"user_sessions"}
  [4;36;1mUser Columns (2.7ms)[0m   [0;1mSHOW FIELDS FROM `users`[0m
Rendering template within layouts/application
Rendering user_sessions/new
Completed in 29ms (View: 4, DB: 3) | 200 OK [http://localhost/login]
  [4;35;1mSQL (0.1ms)[0m   [0mSET NAMES 'utf8'[0m
  [4;36;1mSQL (0.1ms)[0m   [0;1mSET SQL_AUTO_IS_NULL=0[0m


Processing HomeController#index (for 127.0.0.1 at 2009-09-05 11:04:22) [GET]
  Parameters: {"action"=>"index", "controller"=>"home"}
Rendering template within layouts/application
Rendering home/index
Completed in 14ms (View: 7, DB: 0) | 200 OK [http://localhost/]
  [4;35;1mSQL (0.1ms)[0m   [0mSET NAMES 'utf8'[0m
  [4;36;1mSQL (0.1ms)[0m   [0;1mSET SQL_AUTO_IS_NULL=0[0m


Processing HomeController#index (for 127.0.0.1 at 2009-09-05 11:05:11) [GET]
  Parameters: {"action"=>"index", "controller"=>"home"}
Rendering template within layouts/application
Rendering home/index
Completed in 12ms (View: 6, DB: 0) | 200 OK [http://localhost/]
  [4;35;1mSQL (0.2ms)[0m   [0mSET NAMES 'utf8'[0m
  [4;36;1mSQL (0.1ms)[0m   [0;1mSET SQL_AUTO_IS_NULL=0[0m


Processing UserSessionsController#new (for 127.0.0.1 at 2009-09-05 11:05:13) [GET]
  Parameters: {"action"=>"new", "controller"=>"user_sessions"}
  [4;35;1mUser Columns (2.7ms)[0m   [0mSHOW FIELDS FROM `users`[0m
Rendering template within layouts/application
Rendering user_sessions/new
Completed in 25ms (View: 3, DB: 3) | 200 OK [http://localhost/login]
  [4;36;1mSQL (0.1ms)[0m   [0;1mSET NAMES 'utf8'[0m
  [4;35;1mSQL (0.1ms)[0m   [0mSET SQL_AUTO_IS_NULL=0[0m


Processing HomeController#index (for 127.0.0.1 at 2009-09-05 11:06:04) [GET]
  Parameters: {"action"=>"index", "controller"=>"home"}
Rendering template within layouts/application
Rendering home/index
Completed in 12ms (View: 6, DB: 0) | 200 OK [http://localhost/]
  [4;36;1mSQL (0.1ms)[0m   [0;1mSET NAMES 'utf8'[0m
  [4;35;1mSQL (0.1ms)[0m   [0mSET SQL_AUTO_IS_NULL=0[0m


Processing UsersController#new (for 127.0.0.1 at 2009-09-05 11:06:05) [GET]
  Parameters: {"action"=>"new", "controller"=>"users"}
  [4;36;1mUser Columns (2.6ms)[0m   [0;1mSHOW FIELDS FROM `users`[0m
Rendering template within layouts/application
Rendering users/new

ActionView::TemplateError (undefined local variable or method `account_path' for #<ActionView::Base:0x23a3c3c>) on line #3 of app/views/users/new.html.erb:
1: <h1>Register</h1>
2: 
3: <% form_for @user, :url => account_path do |f| %>
4:   <%= f.error_messages %>
5:   <%= render :partial => "form", :object => f %>
6:   <%= f.submit "Register" %>

    app/views/users/new.html.erb:3

Rendered rescues/_trace (140.8ms)
Rendered rescues/_request_and_response (0.4ms)
Rendering rescues/layout (internal_server_error)
  [4;35;1mSQL (0.1ms)[0m   [0mSET NAMES 'utf8'[0m
  [4;36;1mSQL (0.1ms)[0m   [0;1mSET SQL_AUTO_IS_NULL=0[0m


Processing UsersController#new (for 127.0.0.1 at 2009-09-05 11:06:38) [GET]
  Parameters: {"action"=>"new", "controller"=>"users"}
  [4;35;1mUser Columns (2.6ms)[0m   [0mSHOW FIELDS FROM `users`[0m
Rendering template within layouts/application
Rendering users/new
Rendered users/_form (1.9ms)
Completed in 35ms (View: 11, DB: 3) | 200 OK [http://localhost/register]
  [4;36;1mSQL (0.1ms)[0m   [0;1mSET NAMES 'utf8'[0m
  [4;35;1mSQL (0.1ms)[0m   [0mSET SQL_AUTO_IS_NULL=0[0m


Processing UsersController#create (for 127.0.0.1 at 2009-09-05 11:07:42) [POST]
  Parameters: {"user"=>{"password_confirmation"=>"[FILTERED]", "password"=>"[FILTERED]", "login"=>"peter"}, "commit"=>"Register", "action"=>"create", "authenticity_token"=>"dCcQWENdBMUiI7wWAoYCpWX5j4XdL8IZPiavE7eLst8=", "controller"=>"users"}
  [4;36;1mUser Columns (2.6ms)[0m   [0;1mSHOW FIELDS FROM `users`[0m
  [4;35;1mSQL (0.3ms)[0m   [0mBEGIN[0m
  [4;36;1mUser Exists (0.4ms)[0m   [0;1mSELECT `users`.id FROM `users` WHERE (LOWER(`users`.`login`) = BINARY 'peter') LIMIT 1[0m
  [4;35;1mUser Exists (0.2ms)[0m   [0mSELECT `users`.id FROM `users` WHERE (`users`.`persistence_token` = BINARY 'e3f7bddf4984f45cc6af9c735f4979f6bb25523571ac55fa50278c774bf861175dd6c4c50a06b67808d8dc7773de5537e71e8275aaad2b0eddc34772da9954e0') LIMIT 1[0m
  [4;36;1mUser Exists (0.3ms)[0m   [0;1mSELECT `users`.id FROM `users` WHERE (`users`.`single_access_token` = BINARY '0-1akmHWJuDLnmQ4cqGT') LIMIT 1[0m
  [4;35;1mSQL (0.1ms)[0m   [0mROLLBACK[0m
Rendering template within layouts/application
Rendering users/new
Rendered users/_form (0.9ms)

ActionView::TemplateError (undefined local variable or method `register_path' for #<ActionView::Base:0x22ac590>) on line #17 of app/views/layouts/application.html.erb:
14: <div id="top_navigation">
15:   <ul>
16:     <li><%= link_to "Login", login_path %></li>
17:     <li><%= link_to "Register", register_path %></li>
18:   </ul>
19: </div>
20: 

    app/views/layouts/application.html.erb:17
    app/controllers/users_controller.rb:15:in `create'

Rendered rescues/_trace (139.2ms)
Rendered rescues/_request_and_response (0.4ms)
Rendering rescues/layout (internal_server_error)
  [4;36;1mSQL (0.1ms)[0m   [0;1mSET NAMES 'utf8'[0m
  [4;35;1mSQL (0.1ms)[0m   [0mSET SQL_AUTO_IS_NULL=0[0m


Processing UsersController#create (for 127.0.0.1 at 2009-09-05 11:07:53) [POST]
  Parameters: {"user"=>{"password_confirmation"=>"[FILTERED]", "password"=>"[FILTERED]", "login"=>"peter"}, "commit"=>"Register", "action"=>"create", "authenticity_token"=>"dCcQWENdBMUiI7wWAoYCpWX5j4XdL8IZPiavE7eLst8=", "controller"=>"users"}
  [4;36;1mUser Columns (2.6ms)[0m   [0;1mSHOW FIELDS FROM `users`[0m
  [4;35;1mSQL (0.2ms)[0m   [0mBEGIN[0m
  [4;36;1mUser Exists (0.3ms)[0m   [0;1mSELECT `users`.id FROM `users` WHERE (LOWER(`users`.`login`) = BINARY 'peter') LIMIT 1[0m
  [4;35;1mUser Exists (0.2ms)[0m   [0mSELECT `users`.id FROM `users` WHERE (`users`.`persistence_token` = BINARY 'a206f02cc8dce1206ab7a731f97056ea43242ed73774799ebc4cf829ec677eb2df06cea665c8d55f5616a77ababb304763cb6c86bb6625eae6b9bee7cc0dfa88') LIMIT 1[0m
  [4;36;1mUser Exists (0.2ms)[0m   [0;1mSELECT `users`.id FROM `users` WHERE (`users`.`single_access_token` = BINARY 'OYNUCBLuuG4TiC2oPp5b') LIMIT 1[0m
  [4;35;1mSQL (0.1ms)[0m   [0mROLLBACK[0m
Rendering template within layouts/application
Rendering users/new
Rendered users/_form (0.8ms)
Completed in 44ms (View: 4, DB: 4) | 200 OK [http://localhost/account]
  [4;36;1mSQL (0.1ms)[0m   [0;1mSET NAMES 'utf8'[0m
  [4;35;1mSQL (0.1ms)[0m   [0mSET SQL_AUTO_IS_NULL=0[0m


Processing UsersController#new (for 127.0.0.1 at 2009-09-05 11:08:37) [GET]
  Parameters: {"action"=>"new", "controller"=>"users"}
  [4;36;1mUser Columns (67.6ms)[0m   [0;1mSHOW FIELDS FROM `users`[0m
Rendering template within layouts/application
Rendering users/new
Rendered users/_form (2.4ms)
Completed in 104ms (View: 13, DB: 68) | 200 OK [http://localhost/register]
  [4;35;1mSQL (0.1ms)[0m   [0mSET NAMES 'utf8'[0m
  [4;36;1mSQL (0.1ms)[0m   [0;1mSET SQL_AUTO_IS_NULL=0[0m


Processing UsersController#create (for 127.0.0.1 at 2009-09-05 11:08:43) [POST]
  Parameters: {"user"=>{"password_confirmation"=>"[FILTERED]", "password"=>"[FILTERED]", "login"=>"peter", "email"=>"peter@marklunds.com"}, "commit"=>"Register", "action"=>"create", "authenticity_token"=>"dCcQWENdBMUiI7wWAoYCpWX5j4XdL8IZPiavE7eLst8=", "controller"=>"users"}
  [4;35;1mUser Columns (2.6ms)[0m   [0mSHOW FIELDS FROM `users`[0m
  [4;36;1mSQL (0.2ms)[0m   [0;1mBEGIN[0m
  [4;35;1mUser Exists (0.3ms)[0m   [0mSELECT `users`.id FROM `users` WHERE (LOWER(`users`.`email`) = BINARY 'peter@marklunds.com') LIMIT 1[0m
  [4;36;1mUser Exists (0.3ms)[0m   [0;1mSELECT `users`.id FROM `users` WHERE (LOWER(`users`.`login`) = BINARY 'peter') LIMIT 1[0m
  [4;35;1mUser Exists (0.6ms)[0m   [0mSELECT `users`.id FROM `users` WHERE (`users`.`persistence_token` = BINARY 'c41913c2ee7bbb7135ffe210fec2f562a5242de54447c75ef38c15f9b106785dbad29e5b0698dde61d25f0cfced325d2d8f55b69aca7abe1a7c5b0096b70246d') LIMIT 1[0m
  [4;36;1mUser Exists (0.3ms)[0m   [0;1mSELECT `users`.id FROM `users` WHERE (`users`.`single_access_token` = BINARY 'IrYxGwUvFikjGFpdmilY') LIMIT 1[0m
  [4;35;1mUser Create (0.5ms)[0m   [0mINSERT INTO `users` (`last_login_at`, `last_request_at`, `updated_at`, `crypted_password`, `single_access_token`, `perishable_token`, `current_login_ip`, `password_salt`, `current_login_at`, `failed_login_count`, `persistence_token`, `login_count`, `login`, `email`, `last_login_ip`, `created_at`) VALUES(NULL, '2009-09-05 09:08:43', '2009-09-05 09:08:43', '6fc28b3b6f940919eac5e432ef638641cb628787e445944e7130a1f43c6401aecf3b07a4a80ea5fd547c60ca90ac24034adf2625de005e0e48e3291fc533090a', 'IrYxGwUvFikjGFpdmilY', 'uTC8v78UkbD678InDbmo', '127.0.0.1', 'vji8LL5ZriI8_SvK3GX9', '2009-09-05 09:08:43', 0, 'c41913c2ee7bbb7135ffe210fec2f562a5242de54447c75ef38c15f9b106785dbad29e5b0698dde61d25f0cfced325d2d8f55b69aca7abe1a7c5b0096b70246d', 1, 'peter', 'peter@marklunds.com', NULL, '2009-09-05 09:08:43')[0m
  [4;36;1mSQL (0.5ms)[0m   [0;1mCOMMIT[0m

NoMethodError (undefined method `redirect_back_or_default' for #<UsersController:0x221fa28>):
  app/controllers/users_controller.rb:13:in `create'

Rendered rescues/_trace (47.9ms)
Rendered rescues/_request_and_response (0.5ms)
Rendering rescues/layout (internal_server_error)
  [4;35;1mSQL (0.1ms)[0m   [0mSET NAMES 'utf8'[0m
  [4;36;1mSQL (0.1ms)[0m   [0;1mSET SQL_AUTO_IS_NULL=0[0m


Processing UsersController#create (for 127.0.0.1 at 2009-09-05 11:09:22) [POST]
  Parameters: {"user"=>{"password_confirmation"=>"[FILTERED]", "password"=>"[FILTERED]", "login"=>"peter", "email"=>"peter@marklunds.com"}, "commit"=>"Register", "action"=>"create", "authenticity_token"=>"dCcQWENdBMUiI7wWAoYCpWX5j4XdL8IZPiavE7eLst8=", "controller"=>"users"}
  [4;35;1mUser Columns (2.6ms)[0m   [0mSHOW FIELDS FROM `users`[0m
  [4;36;1mUser Load (0.5ms)[0m   [0;1mSELECT * FROM `users` WHERE (`users`.`persistence_token` = 'c41913c2ee7bbb7135ffe210fec2f562a5242de54447c75ef38c15f9b106785dbad29e5b0698dde61d25f0cfced325d2d8f55b69aca7abe1a7c5b0096b70246d') LIMIT 1[0m
  [4;35;1mSQL (0.2ms)[0m   [0mBEGIN[0m
  [4;36;1mUser Update (0.4ms)[0m   [0;1mUPDATE `users` SET `perishable_token` = '56CwoK6MToLgZFCEz101', `updated_at` = '2009-09-05 09:09:22', `last_request_at` = '2009-09-05 09:09:22' WHERE `id` = 1[0m
  [4;35;1mSQL (0.8ms)[0m   [0mCOMMIT[0m
Redirected to http://localhost:3000/account
Filter chain halted as [:require_no_user] rendered_or_redirected.
Completed in 67ms (DB: 5) | 302 Found [http://localhost/account]
  [4;36;1mSQL (0.1ms)[0m   [0;1mSET NAMES 'utf8'[0m
  [4;35;1mSQL (0.1ms)[0m   [0mSET SQL_AUTO_IS_NULL=0[0m


Processing UsersController#show (for 127.0.0.1 at 2009-09-05 11:09:22) [GET]
  Parameters: {"action"=>"show", "controller"=>"users"}
  [4;36;1mUser Columns (2.6ms)[0m   [0;1mSHOW FIELDS FROM `users`[0m
  [4;35;1mUser Load (0.4ms)[0m   [0mSELECT * FROM `users` WHERE (`users`.`persistence_token` = 'c41913c2ee7bbb7135ffe210fec2f562a5242de54447c75ef38c15f9b106785dbad29e5b0698dde61d25f0cfced325d2d8f55b69aca7abe1a7c5b0096b70246d') LIMIT 1[0m
  [4;36;1mSQL (0.1ms)[0m   [0;1mBEGIN[0m
  [4;35;1mUser Update (0.3ms)[0m   [0mUPDATE `users` SET `perishable_token` = 'eSC7JP1iV_4kIVOF5ZxJ', `updated_at` = '2009-09-05 09:09:22', `last_request_at` = '2009-09-05 09:09:22' WHERE `id` = 1[0m
  [4;36;1mSQL (0.6ms)[0m   [0;1mCOMMIT[0m
Rendering template within layouts/application
Rendering users/show
Completed in 144ms (View: 6, DB: 4) | 200 OK [http://localhost/account]
  [4;35;1mSQL (0.1ms)[0m   [0mSET NAMES 'utf8'[0m
  [4;36;1mSQL (0.1ms)[0m   [0;1mSET SQL_AUTO_IS_NULL=0[0m


Processing UsersController#show (for 127.0.0.1 at 2009-09-05 11:11:29) [GET]
  Parameters: {"action"=>"show", "controller"=>"users"}
  [4;35;1mUser Columns (2.6ms)[0m   [0mSHOW FIELDS FROM `users`[0m
  [4;36;1mUser Load (0.4ms)[0m   [0;1mSELECT * FROM `users` WHERE (`users`.`persistence_token` = 'c41913c2ee7bbb7135ffe210fec2f562a5242de54447c75ef38c15f9b106785dbad29e5b0698dde61d25f0cfced325d2d8f55b69aca7abe1a7c5b0096b70246d') LIMIT 1[0m
  [4;35;1mSQL (0.1ms)[0m   [0mBEGIN[0m
  [4;36;1mUser Update (0.3ms)[0m   [0;1mUPDATE `users` SET `perishable_token` = 'CbWzeEBOCRAP0lu7C-2T', `updated_at` = '2009-09-05 09:11:29', `last_request_at` = '2009-09-05 09:11:29' WHERE `id` = 1[0m
  [4;35;1mSQL (0.9ms)[0m   [0mCOMMIT[0m
Rendering template within layouts/application
Rendering users/show

ActionView::TemplateError (undefined local variable or method `current_user' for #<ActionView::Base:0x239b488>) on line #16 of app/views/layouts/application.html.erb:
13: 
14: <div id="top_navigation">
15:   <ul>
16:     <% if current_user %>
17:       <li><%= link_to "Logout", logout_path %></li>
18:     <% else %>      
19:       <li><%= link_to "Login", login_path %></li>

    app/views/layouts/application.html.erb:16

Rendered rescues/_trace (57.8ms)
Rendered rescues/_request_and_response (0.3ms)
Rendering rescues/layout (internal_server_error)
  [4;36;1mSQL (0.2ms)[0m   [0;1mSET NAMES 'utf8'[0m
  [4;35;1mSQL (0.1ms)[0m   [0mSET SQL_AUTO_IS_NULL=0[0m


Processing HomeController#index (for 127.0.0.1 at 2009-09-05 11:11:53) [GET]
  Parameters: {"action"=>"index", "controller"=>"home"}
Rendering template within layouts/application
Rendering home/index

ActionView::TemplateError (undefined local variable or method `current_user' for #<ActionView::Base:0x24e2c4c>) on line #16 of app/views/layouts/application.html.erb:
13: 
14: <div id="top_navigation">
15:   <ul>
16:     <% if current_user %>
17:       <li><%= link_to "Logout", logout_path %></li>
18:     <% else %>      
19:       <li><%= link_to "Login", login_path %></li>

    app/views/layouts/application.html.erb:16

Rendered rescues/_trace (67.1ms)
Rendered rescues/_request_and_response (2.1ms)
Rendering rescues/layout (internal_server_error)
  [4;36;1mSQL (0.1ms)[0m   [0;1mSET NAMES 'utf8'[0m
  [4;35;1mSQL (0.1ms)[0m   [0mSET SQL_AUTO_IS_NULL=0[0m


Processing HomeController#index (for 127.0.0.1 at 2009-09-05 11:12:53) [GET]
  Parameters: {"action"=>"index", "controller"=>"home"}
Rendering template within layouts/application
Rendering home/index
  [4;36;1mUser Columns (2.9ms)[0m   [0;1mSHOW FIELDS FROM `users`[0m
  [4;35;1mUser Load (0.4ms)[0m   [0mSELECT * FROM `users` WHERE (`users`.`persistence_token` = 'c41913c2ee7bbb7135ffe210fec2f562a5242de54447c75ef38c15f9b106785dbad29e5b0698dde61d25f0cfced325d2d8f55b69aca7abe1a7c5b0096b70246d') LIMIT 1[0m
  [4;36;1mSQL (0.2ms)[0m   [0;1mBEGIN[0m
  [4;35;1mUser Update (0.4ms)[0m   [0mUPDATE `users` SET `perishable_token` = 'K-cfhpwSXmpnNDp7NbFb', `updated_at` = '2009-09-05 09:12:53', `last_request_at` = '2009-09-05 09:12:53' WHERE `id` = 1[0m
  [4;36;1mSQL (0.8ms)[0m   [0;1mCOMMIT[0m
Completed in 206ms (View: 192, DB: 5) | 200 OK [http://localhost/]
  [4;35;1mSQL (0.1ms)[0m   [0mSET NAMES 'utf8'[0m
  [4;36;1mSQL (0.1ms)[0m   [0;1mSET SQL_AUTO_IS_NULL=0[0m


Processing HomeController#index (for 127.0.0.1 at 2009-09-05 11:13:25) [GET]
  Parameters: {"action"=>"index", "controller"=>"home"}
Rendering template within layouts/application
Rendering home/index
  [4;35;1mUser Columns (2.7ms)[0m   [0mSHOW FIELDS FROM `users`[0m
  [4;36;1mUser Load (0.4ms)[0m   [0;1mSELECT * FROM `users` WHERE (`users`.`persistence_token` = 'c41913c2ee7bbb7135ffe210fec2f562a5242de54447c75ef38c15f9b106785dbad29e5b0698dde61d25f0cfced325d2d8f55b69aca7abe1a7c5b0096b70246d') LIMIT 1[0m
  [4;35;1mSQL (0.1ms)[0m   [0mBEGIN[0m
  [4;36;1mUser Update (0.4ms)[0m   [0;1mUPDATE `users` SET `perishable_token` = 'PBfCM5il1wC1s4BfHLb-', `updated_at` = '2009-09-05 09:13:25', `last_request_at` = '2009-09-05 09:13:25' WHERE `id` = 1[0m
  [4;35;1mSQL (0.8ms)[0m   [0mCOMMIT[0m
Completed in 43ms (View: 29, DB: 5) | 200 OK [http://localhost/]
  [4;36;1mSQL (0.1ms)[0m   [0;1mSET NAMES 'utf8'[0m
  [4;35;1mSQL (0.1ms)[0m   [0mSET SQL_AUTO_IS_NULL=0[0m


Processing UserSessionsController#destroy (for 127.0.0.1 at 2009-09-05 11:13:27) [GET]
  Parameters: {"action"=>"destroy", "controller"=>"user_sessions"}
  [4;36;1mUser Columns (2.6ms)[0m   [0;1mSHOW FIELDS FROM `users`[0m
  [4;35;1mUser Load (0.4ms)[0m   [0mSELECT * FROM `users` WHERE (`users`.`persistence_token` = 'c41913c2ee7bbb7135ffe210fec2f562a5242de54447c75ef38c15f9b106785dbad29e5b0698dde61d25f0cfced325d2d8f55b69aca7abe1a7c5b0096b70246d') LIMIT 1[0m
  [4;36;1mSQL (0.2ms)[0m   [0;1mBEGIN[0m
  [4;35;1mUser Update (0.4ms)[0m   [0mUPDATE `users` SET `perishable_token` = 'kKo-YFZNg5NMqGI_xUGM', `updated_at` = '2009-09-05 09:13:27', `last_request_at` = '2009-09-05 09:13:27' WHERE `id` = 1[0m
  [4;36;1mSQL (0.8ms)[0m   [0;1mCOMMIT[0m
Redirected to http://localhost:3000/account
Completed in 30ms (DB: 5) | 302 Found [http://localhost/logout]
  [4;35;1mSQL (0.1ms)[0m   [0mSET NAMES 'utf8'[0m
  [4;36;1mSQL (0.1ms)[0m   [0;1mSET SQL_AUTO_IS_NULL=0[0m


Processing UsersController#show (for 127.0.0.1 at 2009-09-05 11:13:27) [GET]
  Parameters: {"action"=>"show", "controller"=>"users"}
  [4;35;1mUser Columns (2.6ms)[0m   [0mSHOW FIELDS FROM `users`[0m
Redirected to http://localhost:3000/user_session/new
Filter chain halted as [:require_user] rendered_or_redirected.
Completed in 19ms (DB: 3) | 302 Found [http://localhost/account]
  [4;36;1mSQL (0.1ms)[0m   [0;1mSET NAMES 'utf8'[0m
  [4;35;1mSQL (0.1ms)[0m   [0mSET SQL_AUTO_IS_NULL=0[0m


Processing UserSessionsController#new (for 127.0.0.1 at 2009-09-05 11:13:27) [GET]
  Parameters: {"action"=>"new", "controller"=>"user_sessions"}
  [4;36;1mUser Columns (2.5ms)[0m   [0;1mSHOW FIELDS FROM `users`[0m
Rendering template within layouts/application
Rendering user_sessions/new
Completed in 115ms (View: 7, DB: 3) | 200 OK [http://localhost/user_session/new]
  [4;35;1mSQL (0.1ms)[0m   [0mSET NAMES 'utf8'[0m
  [4;36;1mSQL (0.1ms)[0m   [0;1mSET SQL_AUTO_IS_NULL=0[0m


Processing UserSessionsController#new (for 127.0.0.1 at 2009-09-05 11:13:29) [GET]
  Parameters: {"action"=>"new", "controller"=>"user_sessions"}
  [4;35;1mUser Columns (2.8ms)[0m   [0mSHOW FIELDS FROM `users`[0m
Rendering template within layouts/application
Rendering user_sessions/new
Completed in 30ms (View: 3, DB: 3) | 200 OK [http://localhost/login]
  [4;36;1mSQL (0.1ms)[0m   [0;1mSET NAMES 'utf8'[0m
  [4;35;1mSQL (0.1ms)[0m   [0mSET SQL_AUTO_IS_NULL=0[0m


Processing UserSessionsController#create (for 127.0.0.1 at 2009-09-05 11:13:33) [POST]
  Parameters: {"commit"=>"Login", "user_session"=>{"password"=>"[FILTERED]", "login"=>"peter", "remember_me"=>"0"}, "action"=>"create", "authenticity_token"=>"dCcQWENdBMUiI7wWAoYCpWX5j4XdL8IZPiavE7eLst8=", "controller"=>"user_sessions"}
  [4;36;1mUser Columns (2.7ms)[0m   [0;1mSHOW FIELDS FROM `users`[0m
  [4;35;1mUser Load (0.4ms)[0m   [0mSELECT * FROM `users` WHERE (LOWER(`users`.login) = 'peter') LIMIT 1[0m
  [4;36;1mSQL (0.2ms)[0m   [0;1mBEGIN[0m
  [4;35;1mUser Update (0.4ms)[0m   [0mUPDATE `users` SET `login_count` = 2, `perishable_token` = 'usJQlFr8KVtHnpTlDyw1', `last_login_at` = '2009-09-05 09:08:43', `last_login_ip` = '127.0.0.1', `updated_at` = '2009-09-05 09:13:33', `last_request_at` = '2009-09-05 09:13:33', `current_login_at` = '2009-09-05 09:13:33' WHERE `id` = 1[0m
  [4;36;1mSQL (0.8ms)[0m   [0;1mCOMMIT[0m
Redirected to http://localhost:3000/account
Completed in 220ms (DB: 5) | 302 Found [http://localhost/user_session]
  [4;35;1mSQL (0.1ms)[0m   [0mSET NAMES 'utf8'[0m
  [4;36;1mSQL (0.1ms)[0m   [0;1mSET SQL_AUTO_IS_NULL=0[0m


Processing UsersController#show (for 127.0.0.1 at 2009-09-05 11:13:33) [GET]
  Parameters: {"action"=>"show", "controller"=>"users"}
  [4;35;1mUser Columns (2.6ms)[0m   [0mSHOW FIELDS FROM `users`[0m
  [4;36;1mUser Load (0.6ms)[0m   [0;1mSELECT * FROM `users` WHERE (`users`.`id` = '1') LIMIT 1[0m
  [4;35;1mSQL (2.1ms)[0m   [0mBEGIN[0m
  [4;36;1mUser Update (0.4ms)[0m   [0;1mUPDATE `users` SET `perishable_token` = 'rteUjfXM-wW0UwTcN94v', `updated_at` = '2009-09-05 09:13:33', `last_request_at` = '2009-09-05 09:13:33' WHERE `id` = 1[0m
  [4;35;1mSQL (0.6ms)[0m   [0mCOMMIT[0m
Rendering template within layouts/application
Rendering users/show
Completed in 51ms (View: 7, DB: 7) | 200 OK [http://localhost/account]
  [4;36;1mSQL (0.1ms)[0m   [0;1mSET NAMES 'utf8'[0m
  [4;35;1mSQL (0.1ms)[0m   [0mSET SQL_AUTO_IS_NULL=0[0m


Processing UsersController#show (for 127.0.0.1 at 2009-09-05 11:13:50) [GET]
  Parameters: {"action"=>"show", "controller"=>"users"}
  [4;36;1mUser Columns (2.5ms)[0m   [0;1mSHOW FIELDS FROM `users`[0m
  [4;35;1mUser Load (0.4ms)[0m   [0mSELECT * FROM `users` WHERE (`users`.`id` = '1') LIMIT 1[0m
  [4;36;1mSQL (0.1ms)[0m   [0;1mBEGIN[0m
  [4;35;1mUser Update (0.3ms)[0m   [0mUPDATE `users` SET `perishable_token` = '5_aQVOps4GyVxl104df1', `updated_at` = '2009-09-05 09:13:50', `last_request_at` = '2009-09-05 09:13:50' WHERE `id` = 1[0m
  [4;36;1mSQL (0.5ms)[0m   [0;1mCOMMIT[0m
Rendering template within layouts/application
Rendering users/show
Completed in 46ms (View: 7, DB: 4) | 200 OK [http://localhost/account]
  [4;35;1mSQL (0.1ms)[0m   [0mSET NAMES 'utf8'[0m
  [4;36;1mSQL (0.1ms)[0m   [0;1mSET SQL_AUTO_IS_NULL=0[0m


Processing HomeController#index (for 127.0.0.1 at 2009-09-05 11:13:51) [GET]
  Parameters: {"action"=>"index", "controller"=>"home"}
Rendering template within layouts/application
Rendering home/index
  [4;35;1mUser Columns (2.5ms)[0m   [0mSHOW FIELDS FROM `users`[0m
  [4;36;1mUser Load (0.4ms)[0m   [0;1mSELECT * FROM `users` WHERE (`users`.`id` = '1') LIMIT 1[0m
  [4;35;1mSQL (0.1ms)[0m   [0mBEGIN[0m
  [4;36;1mUser Update (0.3ms)[0m   [0;1mUPDATE `users` SET `perishable_token` = '2yUnqgSolSfY0lWpzNW0', `updated_at` = '2009-09-05 09:13:51', `last_request_at` = '2009-09-05 09:13:51' WHERE `id` = 1[0m
  [4;35;1mSQL (0.5ms)[0m   [0mCOMMIT[0m
Completed in 40ms (View: 26, DB: 4) | 200 OK [http://localhost/]
  [4;36;1mSQL (0.1ms)[0m   [0;1mSET NAMES 'utf8'[0m
  [4;35;1mSQL (0.1ms)[0m   [0mSET SQL_AUTO_IS_NULL=0[0m


Processing UserSessionsController#destroy (for 127.0.0.1 at 2009-09-05 11:13:55) [GET]
  Parameters: {"action"=>"destroy", "controller"=>"user_sessions"}
  [4;36;1mUser Columns (2.3ms)[0m   [0;1mSHOW FIELDS FROM `users`[0m
  [4;35;1mUser Load (0.4ms)[0m   [0mSELECT * FROM `users` WHERE (`users`.`id` = '1') LIMIT 1[0m
  [4;36;1mSQL (0.1ms)[0m   [0;1mBEGIN[0m
  [4;35;1mUser Update (0.3ms)[0m   [0mUPDATE `users` SET `perishable_token` = 'sVfiKYZGZutGKh06IwEU', `updated_at` = '2009-09-05 09:13:55', `last_request_at` = '2009-09-05 09:13:55' WHERE `id` = 1[0m
  [4;36;1mSQL (0.6ms)[0m   [0;1mCOMMIT[0m
Redirected to http://localhost:3000/user_session/new
Completed in 31ms (DB: 4) | 302 Found [http://localhost/logout]
  [4;35;1mSQL (0.1ms)[0m   [0mSET NAMES 'utf8'[0m
  [4;36;1mSQL (0.1ms)[0m   [0;1mSET SQL_AUTO_IS_NULL=0[0m


Processing UserSessionsController#new (for 127.0.0.1 at 2009-09-05 11:13:55) [GET]
  Parameters: {"action"=>"new", "controller"=>"user_sessions"}
  [4;35;1mUser Columns (3.9ms)[0m   [0mSHOW FIELDS FROM `users`[0m
Rendering template within layouts/application
Rendering user_sessions/new
Completed in 28ms (View: 3, DB: 4) | 200 OK [http://localhost/user_session/new]
  [4;36;1mSQL (0.1ms)[0m   [0;1mSET NAMES 'utf8'[0m
  [4;35;1mSQL (0.1ms)[0m   [0mSET SQL_AUTO_IS_NULL=0[0m


Processing HomeController#index (for 127.0.0.1 at 2009-09-05 11:13:56) [GET]
  Parameters: {"action"=>"index", "controller"=>"home"}
Rendering template within layouts/application
Rendering home/index
  [4;36;1mUser Columns (2.8ms)[0m   [0;1mSHOW FIELDS FROM `users`[0m
Completed in 28ms (View: 17, DB: 3) | 200 OK [http://localhost/]
  [4;35;1mSQL (0.1ms)[0m   [0mSET NAMES 'utf8'[0m
  [4;36;1mSQL (0.1ms)[0m   [0;1mSET SQL_AUTO_IS_NULL=0[0m


Processing UserSessionsController#new (for 127.0.0.1 at 2009-09-05 11:13:58) [GET]
  Parameters: {"action"=>"new", "controller"=>"user_sessions"}
  [4;35;1mUser Columns (2.6ms)[0m   [0mSHOW FIELDS FROM `users`[0m
Rendering template within layouts/application
Rendering user_sessions/new
Completed in 26ms (View: 3, DB: 3) | 200 OK [http://localhost/login]
  [4;36;1mSQL (0.1ms)[0m   [0;1mSET NAMES 'utf8'[0m
  [4;35;1mSQL (0.1ms)[0m   [0mSET SQL_AUTO_IS_NULL=0[0m


Processing UserSessionsController#create (for 127.0.0.1 at 2009-09-05 11:14:00) [POST]
  Parameters: {"commit"=>"Login", "user_session"=>{"password"=>"[FILTERED]", "login"=>"peter", "remember_me"=>"0"}, "action"=>"create", "authenticity_token"=>"dCcQWENdBMUiI7wWAoYCpWX5j4XdL8IZPiavE7eLst8=", "controller"=>"user_sessions"}
  [4;36;1mUser Columns (2.6ms)[0m   [0;1mSHOW FIELDS FROM `users`[0m
  [4;35;1mUser Load (0.4ms)[0m   [0mSELECT * FROM `users` WHERE (LOWER(`users`.login) = 'peter') LIMIT 1[0m
  [4;36;1mSQL (0.2ms)[0m   [0;1mBEGIN[0m
  [4;35;1mUser Update (0.4ms)[0m   [0mUPDATE `users` SET `login_count` = 3, `perishable_token` = 'Q05k6nLatVtmRXCjitUl', `last_login_at` = '2009-09-05 09:13:33', `updated_at` = '2009-09-05 09:14:00', `last_request_at` = '2009-09-05 09:14:00', `current_login_at` = '2009-09-05 09:14:00' WHERE `id` = 1[0m
  [4;36;1mSQL (0.5ms)[0m   [0;1mCOMMIT[0m
Redirected to http://localhost:3000/account
Completed in 32ms (DB: 4) | 302 Found [http://localhost/user_session]
  [4;35;1mSQL (0.1ms)[0m   [0mSET NAMES 'utf8'[0m
  [4;36;1mSQL (0.1ms)[0m   [0;1mSET SQL_AUTO_IS_NULL=0[0m


Processing UsersController#show (for 127.0.0.1 at 2009-09-05 11:14:00) [GET]
  Parameters: {"action"=>"show", "controller"=>"users"}
  [4;35;1mUser Columns (2.4ms)[0m   [0mSHOW FIELDS FROM `users`[0m
  [4;36;1mUser Load (0.5ms)[0m   [0;1mSELECT * FROM `users` WHERE (`users`.`id` = '1') LIMIT 1[0m
  [4;35;1mSQL (0.2ms)[0m   [0mBEGIN[0m
  [4;36;1mUser Update (0.4ms)[0m   [0;1mUPDATE `users` SET `perishable_token` = 'Mu1y1_-wYc5xGEjDLsYJ', `updated_at` = '2009-09-05 09:14:00', `last_request_at` = '2009-09-05 09:14:00' WHERE `id` = 1[0m
  [4;35;1mSQL (0.5ms)[0m   [0mCOMMIT[0m
Rendering template within layouts/application
Rendering users/show
Completed in 42ms (View: 2, DB: 4) | 200 OK [http://localhost/account]
